Starting MLB data scraping...
Fetching stats from: https://www.mlb.com/stats/rbi?timeframe=-14&page=1
Fetching stats from: https://www.mlb.com/stats/rbi?timeframe=-14&page=2
Fetching stats from: https://www.mlb.com/stats/rbi?timeframe=-14&page=3
Fetching stats from: https://www.mlb.com/stats/rbi?timeframe=-14&page=4
Fetching stats from: https://www.mlb.com/stats/rbi?timeframe=-14&page=5
Fetching stats from: https://www.mlb.com/stats/rbi?timeframe=-14&page=6
Fetching stats from: https://www.mlb.com/stats/rbi?timeframe=-14&page=7
Fetching stats from: https://www.mlb.com/stats/rbi?timeframe=-14&page=8
Fetching stats from: https://www.mlb.com/stats/rbi?timeframe=-14&page=9
Fetching stats from: https://www.mlb.com/stats/rbi?timeframe=-14&page=10
Fetching stats from: https://www.mlb.com/stats/rbi?timeframe=-14&page=11
Fetching stats from: https://www.mlb.com/stats/rbi?timeframe=-14&page=12
Fetching stats from: https://www.mlb.com/stats/rbi?timeframe=-14&page=13
Fetching stats from: https://www.mlb.com/stats/rbi?timeframe=-14&page=14
Fetching stats from: https://www.mlb.com/stats/rbi?timeframe=-14&page=15
Fetching stats from: https://www.mlb.com/stats/rbi?timeframe=-14&page=16
Fetching stats from: https://www.mlb.com/stats/rbi?timeframe=-14&page=17
Fetching stats from: https://www.mlb.com/stats/rbi?timeframe=-14&page=18
Fetching stats from: https://www.mlb.com/stats/rbi?timeframe=-14&page=19
Fetching stats from: https://www.mlb.com/stats/rbi?timeframe=-14&page=20
Fetching stats from: https://www.mlb.com/stats/rbi?timeframe=-14&page=21
Fetching stats from: https://www.mlb.com/stats/rbi?timeframe=-14&page=22
Fetching stats from: https://www.mlb.com/stats/rbi?timeframe=-14&page=23
Fetching stats from: https://www.mlb.com/stats/rbi?timeframe=-14&page=24
Fetching stats from: https://www.mlb.com/stats/rbi?timeframe=-14&page=25
Fetching stats from: https://www.mlb.com/stats/rbi?timeframe=-14&page=26
Fetching stats from: https://www.mlb.com/stats/rbi?timeframe=-14&page=27
Fetching stats from: https://www.mlb.com/stats/rbi?timeframe=-14&page=28
Fetching stats from: https://www.mlb.com/stats/rbi?timeframe=-14&page=29
Fetching stats from: https://www.mlb.com/stats/rbi?timeframe=-14&page=30
Fetching stats from: https://www.mlb.com/stats/rbi?timeframe=-14&page=31
Fetching stats from: https://www.mlb.com/stats/rbi?timeframe=-14&page=32
Fetching stats from: https://www.mlb.com/stats/rbi?timeframe=-14&page=33
Fetching stats from: https://www.mlb.com/stats/rbi?timeframe=-14&page=34
Fetching stats from: https://www.mlb.com/stats/rbi?timeframe=-14&page=35
Fetching stats from: https://www.mlb.com/stats/rbi?timeframe=-14&page=36
Fetching stats from: https://www.mlb.com/stats/rbi?timeframe=-14&page=37
Fetching stats from: https://www.mlb.com/stats/rbi?timeframe=-14&page=38
Fetching stats from: https://www.mlb.com/stats/rbi?timeframe=-14&page=39
Fetching stats from: https://www.mlb.com/stats/rbi?timeframe=-14&page=40
Fetching stats from: https://www.mlb.com/stats/rbi?timeframe=-14&page=41
Fetching stats from: https://www.mlb.com/stats/rbi?timeframe=-14&page=42
Fetching stats from: https://www.mlb.com/stats/rbi?timeframe=-14&page=43
Fetching stats from: https://www.mlb.com/stats/rbi?timeframe=-14&page=44
Fetching stats from: https://www.mlb.com/stats/rbi?timeframe=-14&page=45
Fetching stats from: https://www.mlb.com/stats/rbi?timeframe=-14&page=46
Fetching stats from: https://www.mlb.com/stats/rbi?timeframe=-14&page=47
Total stats rows fetched: 1176
💾 Saved mlb_stats.csv with raw stats data.
💾 Fetched MLB injury data with 165 rows.
💾 Saved mlb_injuries.csv.
MLB data scraping complete.
Starting MLB data scraping...
Fetching stats from: https://www.mlb.com/stats/rbi?timeframe=-14&page=1
Fetching stats from: https://www.mlb.com/stats/rbi?timeframe=-14&page=2
Fetching stats from: https://www.mlb.com/stats/rbi?timeframe=-14&page=3
Fetching stats from: https://www.mlb.com/stats/rbi?timeframe=-14&page=4
Fetching stats from: https://www.mlb.com/stats/rbi?timeframe=-14&page=5
Fetching stats from: https://www.mlb.com/stats/rbi?timeframe=-14&page=6
Fetching stats from: https://www.mlb.com/stats/rbi?timeframe=-14&page=7
Fetching stats from: https://www.mlb.com/stats/rbi?timeframe=-14&page=8
Fetching stats from: https://www.mlb.com/stats/rbi?timeframe=-14&page=9
Fetching stats from: https://www.mlb.com/stats/rbi?timeframe=-14&page=10
Fetching stats from: https://www.mlb.com/stats/rbi?timeframe=-14&page=11
Fetching stats from: https://www.mlb.com/stats/rbi?timeframe=-14&page=12
Fetching stats from: https://www.mlb.com/stats/rbi?timeframe=-14&page=13
Fetching stats from: https://www.mlb.com/stats/rbi?timeframe=-14&page=14
Fetching stats from: https://www.mlb.com/stats/rbi?timeframe=-14&page=15
Fetching stats from: https://www.mlb.com/stats/rbi?timeframe=-14&page=16
Fetching stats from: https://www.mlb.com/stats/rbi?timeframe=-14&page=17
Fetching stats from: https://www.mlb.com/stats/rbi?timeframe=-14&page=18
Fetching stats from: https://www.mlb.com/stats/rbi?timeframe=-14&page=19
Fetching stats from: https://www.mlb.com/stats/rbi?timeframe=-14&page=20
Fetching stats from: https://www.mlb.com/stats/rbi?timeframe=-14&page=21
Fetching stats from: https://www.mlb.com/stats/rbi?timeframe=-14&page=22
Fetching stats from: https://www.mlb.com/stats/rbi?timeframe=-14&page=23
Fetching stats from: https://www.mlb.com/stats/rbi?timeframe=-14&page=24
Fetching stats from: https://www.mlb.com/stats/rbi?timeframe=-14&page=25
Fetching stats from: https://www.mlb.com/stats/rbi?timeframe=-14&page=26
Fetching stats from: https://www.mlb.com/stats/rbi?timeframe=-14&page=27
Fetching stats from: https://www.mlb.com/stats/rbi?timeframe=-14&page=28
Fetching stats from: https://www.mlb.com/stats/rbi?timeframe=-14&page=29
Fetching stats from: https://www.mlb.com/stats/rbi?timeframe=-14&page=30
Fetching stats from: https://www.mlb.com/stats/rbi?timeframe=-14&page=31
Fetching stats from: https://www.mlb.com/stats/rbi?timeframe=-14&page=32
Fetching stats from: https://www.mlb.com/stats/rbi?timeframe=-14&page=33
Fetching stats from: https://www.mlb.com/stats/rbi?timeframe=-14&page=34
Fetching stats from: https://www.mlb.com/stats/rbi?timeframe=-14&page=35
Fetching stats from: https://www.mlb.com/stats/rbi?timeframe=-14&page=36
Fetching stats from: https://www.mlb.com/stats/rbi?timeframe=-14&page=37
Fetching stats from: https://www.mlb.com/stats/rbi?timeframe=-14&page=38
Fetching stats from: https://www.mlb.com/stats/rbi?timeframe=-14&page=39
Fetching stats from: https://www.mlb.com/stats/rbi?timeframe=-14&page=40
Fetching stats from: https://www.mlb.com/stats/rbi?timeframe=-14&page=41
Fetching stats from: https://www.mlb.com/stats/rbi?timeframe=-14&page=42
Fetching stats from: https://www.mlb.com/stats/rbi?timeframe=-14&page=43
Fetching stats from: https://www.mlb.com/stats/rbi?timeframe=-14&page=44
Fetching stats from: https://www.mlb.com/stats/rbi?timeframe=-14&page=45
Fetching stats from: https://www.mlb.com/stats/rbi?timeframe=-14&page=46
Fetching stats from: https://www.mlb.com/stats/rbi?timeframe=-14&page=47
Total stats rows fetched: 1176
💾 Saved mlb_stats.csv with raw stats data.
💾 Fetched MLB injury data with 165 rows.
💾 Saved mlb_injuries.csv.
MLB data scraping complete.
Starting MLB data scraping...
Fetching stats from: https://www.mlb.com/stats/rbi?timeframe=-14&page=1
Error loading stats page 1 Message: timeout: Timed out receiving message from renderer: 17.403
  (Session info: chrome=133.0.6943.142)
Stacktrace:
0   chromedriver                        0x0000000100d182d4 cxxbridge1$str$ptr + 2739836
1   chromedriver                        0x0000000100d10934 cxxbridge1$str$ptr + 2708700
2   chromedriver                        0x0000000100871f90 cxxbridge1$string$len + 93360
3   chromedriver                        0x000000010085c30c cxxbridge1$string$len + 4140
4   chromedriver                        0x000000010085c084 cxxbridge1$string$len + 3492
5   chromedriver                        0x0000000100859d9c chromedriver + 187804
6   chromedriver                        0x000000010085a9f4 chromedriver + 190964
7   chromedriver                        0x0000000100868848 cxxbridge1$string$len + 54632
8   chromedriver                        0x000000010087e0a8 cxxbridge1$string$len + 142792
9   chromedriver                        0x000000010085b028 chromedriver + 192552
10  chromedriver                        0x000000010087de84 cxxbridge1$string$len + 142244
11  chromedriver                        0x00000001008fa15c cxxbridge1$string$len + 650876
12  chromedriver                        0x00000001008ad060 cxxbridge1$string$len + 335232
13  chromedriver                        0x0000000100ce0c38 cxxbridge1$str$ptr + 2512864
14  chromedriver                        0x0000000100ce3f58 cxxbridge1$str$ptr + 2525952
15  chromedriver                        0x0000000100cc6578 cxxbridge1$str$ptr + 2404640
16  chromedriver                        0x0000000100ce4818 cxxbridge1$str$ptr + 2528192
17  chromedriver                        0x0000000100cb6f2c cxxbridge1$str$ptr + 2341588
18  chromedriver                        0x0000000100d00a60 cxxbridge1$str$ptr + 2643464
19  chromedriver                        0x0000000100d00be8 cxxbridge1$str$ptr + 2643856
20  chromedriver                        0x0000000100d105a8 cxxbridge1$str$ptr + 2707792
21  libsystem_pthread.dylib             0x00000001934b02e4 _pthread_start + 136
22  libsystem_pthread.dylib             0x00000001934ab0fc thread_start + 8

Fetching stats from: https://www.mlb.com/stats/rbi?timeframe=-14&page=2
Fetching stats from: https://www.mlb.com/stats/rbi?timeframe=-14&page=3
Fetching stats from: https://www.mlb.com/stats/rbi?timeframe=-14&page=4
Fetching stats from: https://www.mlb.com/stats/rbi?timeframe=-14&page=5
Fetching stats from: https://www.mlb.com/stats/rbi?timeframe=-14&page=6
Fetching stats from: https://www.mlb.com/stats/rbi?timeframe=-14&page=7
Fetching stats from: https://www.mlb.com/stats/rbi?timeframe=-14&page=8
Fetching stats from: https://www.mlb.com/stats/rbi?timeframe=-14&page=9
Fetching stats from: https://www.mlb.com/stats/rbi?timeframe=-14&page=10
Fetching stats from: https://www.mlb.com/stats/rbi?timeframe=-14&page=11
Fetching stats from: https://www.mlb.com/stats/rbi?timeframe=-14&page=12
Fetching stats from: https://www.mlb.com/stats/rbi?timeframe=-14&page=13
Fetching stats from: https://www.mlb.com/stats/rbi?timeframe=-14&page=14
Fetching stats from: https://www.mlb.com/stats/rbi?timeframe=-14&page=15
Fetching stats from: https://www.mlb.com/stats/rbi?timeframe=-14&page=16
Fetching stats from: https://www.mlb.com/stats/rbi?timeframe=-14&page=17
Fetching stats from: https://www.mlb.com/stats/rbi?timeframe=-14&page=18
Fetching stats from: https://www.mlb.com/stats/rbi?timeframe=-14&page=19
Fetching stats from: https://www.mlb.com/stats/rbi?timeframe=-14&page=20
Fetching stats from: https://www.mlb.com/stats/rbi?timeframe=-14&page=21
Fetching stats from: https://www.mlb.com/stats/rbi?timeframe=-14&page=22
Fetching stats from: https://www.mlb.com/stats/rbi?timeframe=-14&page=23
Fetching stats from: https://www.mlb.com/stats/rbi?timeframe=-14&page=24
Fetching stats from: https://www.mlb.com/stats/rbi?timeframe=-14&page=25
Fetching stats from: https://www.mlb.com/stats/rbi?timeframe=-14&page=26
Fetching stats from: https://www.mlb.com/stats/rbi?timeframe=-14&page=27
Fetching stats from: https://www.mlb.com/stats/rbi?timeframe=-14&page=28
Fetching stats from: https://www.mlb.com/stats/rbi?timeframe=-14&page=29
Fetching stats from: https://www.mlb.com/stats/rbi?timeframe=-14&page=30
Fetching stats from: https://www.mlb.com/stats/rbi?timeframe=-14&page=31
Fetching stats from: https://www.mlb.com/stats/rbi?timeframe=-14&page=32
Fetching stats from: https://www.mlb.com/stats/rbi?timeframe=-14&page=33
Fetching stats from: https://www.mlb.com/stats/rbi?timeframe=-14&page=34
Fetching stats from: https://www.mlb.com/stats/rbi?timeframe=-14&page=35
Fetching stats from: https://www.mlb.com/stats/rbi?timeframe=-14&page=36
Fetching stats from: https://www.mlb.com/stats/rbi?timeframe=-14&page=37
Fetching stats from: https://www.mlb.com/stats/rbi?timeframe=-14&page=38
Fetching stats from: https://www.mlb.com/stats/rbi?timeframe=-14&page=39
Fetching stats from: https://www.mlb.com/stats/rbi?timeframe=-14&page=40
Fetching stats from: https://www.mlb.com/stats/rbi?timeframe=-14&page=41
Fetching stats from: https://www.mlb.com/stats/rbi?timeframe=-14&page=42
Fetching stats from: https://www.mlb.com/stats/rbi?timeframe=-14&page=43
Fetching stats from: https://www.mlb.com/stats/rbi?timeframe=-14&page=44
Fetching stats from: https://www.mlb.com/stats/rbi?timeframe=-14&page=45
Fetching stats from: https://www.mlb.com/stats/rbi?timeframe=-14&page=46
Fetching stats from: https://www.mlb.com/stats/rbi?timeframe=-14&page=47
Total stats rows fetched: 1150
💾 Saved mlb_stats.csv with raw stats data.
💾 Fetched MLB injury data with 165 rows.
💾 Saved mlb_injuries.csv.
MLB data scraping complete.
Starting MLB data scraping...
Fetching stats from: https://www.mlb.com/stats/rbi?timeframe=-14&page=1
Fetching stats from: https://www.mlb.com/stats/rbi?timeframe=-14&page=2
Fetching stats from: https://www.mlb.com/stats/rbi?timeframe=-14&page=3
Fetching stats from: https://www.mlb.com/stats/rbi?timeframe=-14&page=4
Fetching stats from: https://www.mlb.com/stats/rbi?timeframe=-14&page=5
Fetching stats from: https://www.mlb.com/stats/rbi?timeframe=-14&page=6
Fetching stats from: https://www.mlb.com/stats/rbi?timeframe=-14&page=7
Fetching stats from: https://www.mlb.com/stats/rbi?timeframe=-14&page=8
Fetching stats from: https://www.mlb.com/stats/rbi?timeframe=-14&page=9
Fetching stats from: https://www.mlb.com/stats/rbi?timeframe=-14&page=10
Fetching stats from: https://www.mlb.com/stats/rbi?timeframe=-14&page=11
Fetching stats from: https://www.mlb.com/stats/rbi?timeframe=-14&page=12
Fetching stats from: https://www.mlb.com/stats/rbi?timeframe=-14&page=13
Fetching stats from: https://www.mlb.com/stats/rbi?timeframe=-14&page=14
Fetching stats from: https://www.mlb.com/stats/rbi?timeframe=-14&page=15
Fetching stats from: https://www.mlb.com/stats/rbi?timeframe=-14&page=16
Fetching stats from: https://www.mlb.com/stats/rbi?timeframe=-14&page=17
Fetching stats from: https://www.mlb.com/stats/rbi?timeframe=-14&page=18
Fetching stats from: https://www.mlb.com/stats/rbi?timeframe=-14&page=19
Fetching stats from: https://www.mlb.com/stats/rbi?timeframe=-14&page=20
Fetching stats from: https://www.mlb.com/stats/rbi?timeframe=-14&page=21
Fetching stats from: https://www.mlb.com/stats/rbi?timeframe=-14&page=22
Fetching stats from: https://www.mlb.com/stats/rbi?timeframe=-14&page=23
Fetching stats from: https://www.mlb.com/stats/rbi?timeframe=-14&page=24
Fetching stats from: https://www.mlb.com/stats/rbi?timeframe=-14&page=25
Fetching stats from: https://www.mlb.com/stats/rbi?timeframe=-14&page=26
Fetching stats from: https://www.mlb.com/stats/rbi?timeframe=-14&page=27
Fetching stats from: https://www.mlb.com/stats/rbi?timeframe=-14&page=28
Fetching stats from: https://www.mlb.com/stats/rbi?timeframe=-14&page=29
Fetching stats from: https://www.mlb.com/stats/rbi?timeframe=-14&page=30
Fetching stats from: https://www.mlb.com/stats/rbi?timeframe=-14&page=31
Fetching stats from: https://www.mlb.com/stats/rbi?timeframe=-14&page=32
Fetching stats from: https://www.mlb.com/stats/rbi?timeframe=-14&page=33
Fetching stats from: https://www.mlb.com/stats/rbi?timeframe=-14&page=34
Fetching stats from: https://www.mlb.com/stats/rbi?timeframe=-14&page=35
Fetching stats from: https://www.mlb.com/stats/rbi?timeframe=-14&page=36
Fetching stats from: https://www.mlb.com/stats/rbi?timeframe=-14&page=37
Fetching stats from: https://www.mlb.com/stats/rbi?timeframe=-14&page=38
Fetching stats from: https://www.mlb.com/stats/rbi?timeframe=-14&page=39
Fetching stats from: https://www.mlb.com/stats/rbi?timeframe=-14&page=40
Fetching stats from: https://www.mlb.com/stats/rbi?timeframe=-14&page=41
Fetching stats from: https://www.mlb.com/stats/rbi?timeframe=-14&page=42
Fetching stats from: https://www.mlb.com/stats/rbi?timeframe=-14&page=43
Fetching stats from: https://www.mlb.com/stats/rbi?timeframe=-14&page=44
Fetching stats from: https://www.mlb.com/stats/rbi?timeframe=-14&page=45
Fetching stats from: https://www.mlb.com/stats/rbi?timeframe=-14&page=46
Fetching stats from: https://www.mlb.com/stats/rbi?timeframe=-14&page=47
Total stats rows fetched: 1176
💾 Saved mlb_stats.csv with raw stats data.
💾 Fetched MLB injury data with 165 rows.
💾 Saved mlb_injuries.csv.
MLB data scraping complete.
Starting MLB data scraping...
Fetching stats from: https://www.mlb.com/stats/rbi?timeframe=-14&page=1
Fetching stats from: https://www.mlb.com/stats/rbi?timeframe=-14&page=2
Fetching stats from: https://www.mlb.com/stats/rbi?timeframe=-14&page=3
Fetching stats from: https://www.mlb.com/stats/rbi?timeframe=-14&page=4
Fetching stats from: https://www.mlb.com/stats/rbi?timeframe=-14&page=5
Fetching stats from: https://www.mlb.com/stats/rbi?timeframe=-14&page=6
Fetching stats from: https://www.mlb.com/stats/rbi?timeframe=-14&page=7
Fetching stats from: https://www.mlb.com/stats/rbi?timeframe=-14&page=8
Fetching stats from: https://www.mlb.com/stats/rbi?timeframe=-14&page=9
Fetching stats from: https://www.mlb.com/stats/rbi?timeframe=-14&page=10
Fetching stats from: https://www.mlb.com/stats/rbi?timeframe=-14&page=11
Fetching stats from: https://www.mlb.com/stats/rbi?timeframe=-14&page=12
Fetching stats from: https://www.mlb.com/stats/rbi?timeframe=-14&page=13
Fetching stats from: https://www.mlb.com/stats/rbi?timeframe=-14&page=14
Fetching stats from: https://www.mlb.com/stats/rbi?timeframe=-14&page=15
Fetching stats from: https://www.mlb.com/stats/rbi?timeframe=-14&page=16
Fetching stats from: https://www.mlb.com/stats/rbi?timeframe=-14&page=17
Fetching stats from: https://www.mlb.com/stats/rbi?timeframe=-14&page=18
Fetching stats from: https://www.mlb.com/stats/rbi?timeframe=-14&page=19
Fetching stats from: https://www.mlb.com/stats/rbi?timeframe=-14&page=20
Fetching stats from: https://www.mlb.com/stats/rbi?timeframe=-14&page=21
Fetching stats from: https://www.mlb.com/stats/rbi?timeframe=-14&page=22
Fetching stats from: https://www.mlb.com/stats/rbi?timeframe=-14&page=23
Fetching stats from: https://www.mlb.com/stats/rbi?timeframe=-14&page=24
Fetching stats from: https://www.mlb.com/stats/rbi?timeframe=-14&page=25
Fetching stats from: https://www.mlb.com/stats/rbi?timeframe=-14&page=26
Fetching stats from: https://www.mlb.com/stats/rbi?timeframe=-14&page=27
Fetching stats from: https://www.mlb.com/stats/rbi?timeframe=-14&page=28
Fetching stats from: https://www.mlb.com/stats/rbi?timeframe=-14&page=29
Fetching stats from: https://www.mlb.com/stats/rbi?timeframe=-14&page=30
Fetching stats from: https://www.mlb.com/stats/rbi?timeframe=-14&page=31
Fetching stats from: https://www.mlb.com/stats/rbi?timeframe=-14&page=32
Fetching stats from: https://www.mlb.com/stats/rbi?timeframe=-14&page=33
Fetching stats from: https://www.mlb.com/stats/rbi?timeframe=-14&page=34
Fetching stats from: https://www.mlb.com/stats/rbi?timeframe=-14&page=35
Fetching stats from: https://www.mlb.com/stats/rbi?timeframe=-14&page=36
Fetching stats from: https://www.mlb.com/stats/rbi?timeframe=-14&page=37
Fetching stats from: https://www.mlb.com/stats/rbi?timeframe=-14&page=38
Fetching stats from: https://www.mlb.com/stats/rbi?timeframe=-14&page=39
Fetching stats from: https://www.mlb.com/stats/rbi?timeframe=-14&page=40
Fetching stats from: https://www.mlb.com/stats/rbi?timeframe=-14&page=41
Fetching stats from: https://www.mlb.com/stats/rbi?timeframe=-14&page=42
Fetching stats from: https://www.mlb.com/stats/rbi?timeframe=-14&page=43
Fetching stats from: https://www.mlb.com/stats/rbi?timeframe=-14&page=44
Fetching stats from: https://www.mlb.com/stats/rbi?timeframe=-14&page=45
Fetching stats from: https://www.mlb.com/stats/rbi?timeframe=-14&page=46
Fetching stats from: https://www.mlb.com/stats/rbi?timeframe=-14&page=47
Total stats rows fetched: 1176
💾 Saved mlb_stats.csv with raw stats data.
💾 Fetched MLB injury data with 165 rows.
💾 Saved mlb_injuries.csv.
MLB data scraping complete.
Starting MLB data scraping...
Fetching stats from: https://www.mlb.com/stats/rbi?timeframe=-14&page=1
Fetching stats from: https://www.mlb.com/stats/rbi?timeframe=-14&page=2
Fetching stats from: https://www.mlb.com/stats/rbi?timeframe=-14&page=3
Fetching stats from: https://www.mlb.com/stats/rbi?timeframe=-14&page=4
Fetching stats from: https://www.mlb.com/stats/rbi?timeframe=-14&page=5
Fetching stats from: https://www.mlb.com/stats/rbi?timeframe=-14&page=6
Fetching stats from: https://www.mlb.com/stats/rbi?timeframe=-14&page=7
Fetching stats from: https://www.mlb.com/stats/rbi?timeframe=-14&page=8
Fetching stats from: https://www.mlb.com/stats/rbi?timeframe=-14&page=9
Fetching stats from: https://www.mlb.com/stats/rbi?timeframe=-14&page=10
Fetching stats from: https://www.mlb.com/stats/rbi?timeframe=-14&page=11
Fetching stats from: https://www.mlb.com/stats/rbi?timeframe=-14&page=12
Fetching stats from: https://www.mlb.com/stats/rbi?timeframe=-14&page=13
Fetching stats from: https://www.mlb.com/stats/rbi?timeframe=-14&page=14
Fetching stats from: https://www.mlb.com/stats/rbi?timeframe=-14&page=15
Fetching stats from: https://www.mlb.com/stats/rbi?timeframe=-14&page=16
Fetching stats from: https://www.mlb.com/stats/rbi?timeframe=-14&page=17
Fetching stats from: https://www.mlb.com/stats/rbi?timeframe=-14&page=18
Fetching stats from: https://www.mlb.com/stats/rbi?timeframe=-14&page=19
Fetching stats from: https://www.mlb.com/stats/rbi?timeframe=-14&page=20
Fetching stats from: https://www.mlb.com/stats/rbi?timeframe=-14&page=21
Fetching stats from: https://www.mlb.com/stats/rbi?timeframe=-14&page=22
Fetching stats from: https://www.mlb.com/stats/rbi?timeframe=-14&page=23
Fetching stats from: https://www.mlb.com/stats/rbi?timeframe=-14&page=24
Fetching stats from: https://www.mlb.com/stats/rbi?timeframe=-14&page=25
Fetching stats from: https://www.mlb.com/stats/rbi?timeframe=-14&page=26
Fetching stats from: https://www.mlb.com/stats/rbi?timeframe=-14&page=27
Fetching stats from: https://www.mlb.com/stats/rbi?timeframe=-14&page=28
Fetching stats from: https://www.mlb.com/stats/rbi?timeframe=-14&page=29
Fetching stats from: https://www.mlb.com/stats/rbi?timeframe=-14&page=30
Fetching stats from: https://www.mlb.com/stats/rbi?timeframe=-14&page=31
Fetching stats from: https://www.mlb.com/stats/rbi?timeframe=-14&page=32
Fetching stats from: https://www.mlb.com/stats/rbi?timeframe=-14&page=33
Fetching stats from: https://www.mlb.com/stats/rbi?timeframe=-14&page=34
Fetching stats from: https://www.mlb.com/stats/rbi?timeframe=-14&page=35
Fetching stats from: https://www.mlb.com/stats/rbi?timeframe=-14&page=36
Fetching stats from: https://www.mlb.com/stats/rbi?timeframe=-14&page=37
Fetching stats from: https://www.mlb.com/stats/rbi?timeframe=-14&page=38
Fetching stats from: https://www.mlb.com/stats/rbi?timeframe=-14&page=39
Fetching stats from: https://www.mlb.com/stats/rbi?timeframe=-14&page=40
Fetching stats from: https://www.mlb.com/stats/rbi?timeframe=-14&page=41
Fetching stats from: https://www.mlb.com/stats/rbi?timeframe=-14&page=42
Fetching stats from: https://www.mlb.com/stats/rbi?timeframe=-14&page=43
Fetching stats from: https://www.mlb.com/stats/rbi?timeframe=-14&page=44
Fetching stats from: https://www.mlb.com/stats/rbi?timeframe=-14&page=45
Fetching stats from: https://www.mlb.com/stats/rbi?timeframe=-14&page=46
Fetching stats from: https://www.mlb.com/stats/rbi?timeframe=-14&page=47
Total stats rows fetched: 1176
💾 Saved mlb_stats.csv with raw stats data.
💾 Fetched MLB injury data with 165 rows.
💾 Saved mlb_injuries.csv.
MLB data scraping complete.
Starting MLB data scraping...
Fetching stats from: https://www.mlb.com/stats/rbi?timeframe=-14&page=1
Fetching stats from: https://www.mlb.com/stats/rbi?timeframe=-14&page=2
Fetching stats from: https://www.mlb.com/stats/rbi?timeframe=-14&page=3
Fetching stats from: https://www.mlb.com/stats/rbi?timeframe=-14&page=4
Fetching stats from: https://www.mlb.com/stats/rbi?timeframe=-14&page=5
Fetching stats from: https://www.mlb.com/stats/rbi?timeframe=-14&page=6
Fetching stats from: https://www.mlb.com/stats/rbi?timeframe=-14&page=7
Fetching stats from: https://www.mlb.com/stats/rbi?timeframe=-14&page=8
Fetching stats from: https://www.mlb.com/stats/rbi?timeframe=-14&page=9
Fetching stats from: https://www.mlb.com/stats/rbi?timeframe=-14&page=10
Fetching stats from: https://www.mlb.com/stats/rbi?timeframe=-14&page=11
Fetching stats from: https://www.mlb.com/stats/rbi?timeframe=-14&page=12
Fetching stats from: https://www.mlb.com/stats/rbi?timeframe=-14&page=13
Fetching stats from: https://www.mlb.com/stats/rbi?timeframe=-14&page=14
Fetching stats from: https://www.mlb.com/stats/rbi?timeframe=-14&page=15
Fetching stats from: https://www.mlb.com/stats/rbi?timeframe=-14&page=16
Fetching stats from: https://www.mlb.com/stats/rbi?timeframe=-14&page=17
Fetching stats from: https://www.mlb.com/stats/rbi?timeframe=-14&page=18
Fetching stats from: https://www.mlb.com/stats/rbi?timeframe=-14&page=19
Fetching stats from: https://www.mlb.com/stats/rbi?timeframe=-14&page=20
Fetching stats from: https://www.mlb.com/stats/rbi?timeframe=-14&page=21
Fetching stats from: https://www.mlb.com/stats/rbi?timeframe=-14&page=22
Fetching stats from: https://www.mlb.com/stats/rbi?timeframe=-14&page=23
Fetching stats from: https://www.mlb.com/stats/rbi?timeframe=-14&page=24
Fetching stats from: https://www.mlb.com/stats/rbi?timeframe=-14&page=25
Fetching stats from: https://www.mlb.com/stats/rbi?timeframe=-14&page=26
Fetching stats from: https://www.mlb.com/stats/rbi?timeframe=-14&page=27
Fetching stats from: https://www.mlb.com/stats/rbi?timeframe=-14&page=28
Fetching stats from: https://www.mlb.com/stats/rbi?timeframe=-14&page=29
Fetching stats from: https://www.mlb.com/stats/rbi?timeframe=-14&page=30
Fetching stats from: https://www.mlb.com/stats/rbi?timeframe=-14&page=31
Fetching stats from: https://www.mlb.com/stats/rbi?timeframe=-14&page=32
Fetching stats from: https://www.mlb.com/stats/rbi?timeframe=-14&page=33
Fetching stats from: https://www.mlb.com/stats/rbi?timeframe=-14&page=34
Fetching stats from: https://www.mlb.com/stats/rbi?timeframe=-14&page=35
Fetching stats from: https://www.mlb.com/stats/rbi?timeframe=-14&page=36
Fetching stats from: https://www.mlb.com/stats/rbi?timeframe=-14&page=37
Fetching stats from: https://www.mlb.com/stats/rbi?timeframe=-14&page=38
Fetching stats from: https://www.mlb.com/stats/rbi?timeframe=-14&page=39
Fetching stats from: https://www.mlb.com/stats/rbi?timeframe=-14&page=40
Fetching stats from: https://www.mlb.com/stats/rbi?timeframe=-14&page=41
Fetching stats from: https://www.mlb.com/stats/rbi?timeframe=-14&page=42
Fetching stats from: https://www.mlb.com/stats/rbi?timeframe=-14&page=43
Fetching stats from: https://www.mlb.com/stats/rbi?timeframe=-14&page=44
Fetching stats from: https://www.mlb.com/stats/rbi?timeframe=-14&page=45
Fetching stats from: https://www.mlb.com/stats/rbi?timeframe=-14&page=46
Fetching stats from: https://www.mlb.com/stats/rbi?timeframe=-14&page=47
Total stats rows fetched: 1176
💾 Saved mlb_stats.csv with raw stats data.
💾 Fetched MLB injury data with 165 rows.
💾 Saved mlb_injuries.csv.
MLB data scraping complete.
Starting MLB data scraping...
Fetching stats from: https://www.mlb.com/stats/rbi?timeframe=-14&page=1
Fetching stats from: https://www.mlb.com/stats/rbi?timeframe=-14&page=2
Fetching stats from: https://www.mlb.com/stats/rbi?timeframe=-14&page=3
Fetching stats from: https://www.mlb.com/stats/rbi?timeframe=-14&page=4
Fetching stats from: https://www.mlb.com/stats/rbi?timeframe=-14&page=5
Fetching stats from: https://www.mlb.com/stats/rbi?timeframe=-14&page=6
Fetching stats from: https://www.mlb.com/stats/rbi?timeframe=-14&page=7
Fetching stats from: https://www.mlb.com/stats/rbi?timeframe=-14&page=8
Fetching stats from: https://www.mlb.com/stats/rbi?timeframe=-14&page=9
Fetching stats from: https://www.mlb.com/stats/rbi?timeframe=-14&page=10
Fetching stats from: https://www.mlb.com/stats/rbi?timeframe=-14&page=11
Fetching stats from: https://www.mlb.com/stats/rbi?timeframe=-14&page=12
Fetching stats from: https://www.mlb.com/stats/rbi?timeframe=-14&page=13
Fetching stats from: https://www.mlb.com/stats/rbi?timeframe=-14&page=14
Fetching stats from: https://www.mlb.com/stats/rbi?timeframe=-14&page=15
Fetching stats from: https://www.mlb.com/stats/rbi?timeframe=-14&page=16
Fetching stats from: https://www.mlb.com/stats/rbi?timeframe=-14&page=17
Fetching stats from: https://www.mlb.com/stats/rbi?timeframe=-14&page=18
Fetching stats from: https://www.mlb.com/stats/rbi?timeframe=-14&page=19
Fetching stats from: https://www.mlb.com/stats/rbi?timeframe=-14&page=20
Fetching stats from: https://www.mlb.com/stats/rbi?timeframe=-14&page=21
Fetching stats from: https://www.mlb.com/stats/rbi?timeframe=-14&page=22
Fetching stats from: https://www.mlb.com/stats/rbi?timeframe=-14&page=23
Fetching stats from: https://www.mlb.com/stats/rbi?timeframe=-14&page=24
Fetching stats from: https://www.mlb.com/stats/rbi?timeframe=-14&page=25
Fetching stats from: https://www.mlb.com/stats/rbi?timeframe=-14&page=26
Fetching stats from: https://www.mlb.com/stats/rbi?timeframe=-14&page=27
Fetching stats from: https://www.mlb.com/stats/rbi?timeframe=-14&page=28
Fetching stats from: https://www.mlb.com/stats/rbi?timeframe=-14&page=29
Fetching stats from: https://www.mlb.com/stats/rbi?timeframe=-14&page=30
Fetching stats from: https://www.mlb.com/stats/rbi?timeframe=-14&page=31
Fetching stats from: https://www.mlb.com/stats/rbi?timeframe=-14&page=32
Fetching stats from: https://www.mlb.com/stats/rbi?timeframe=-14&page=33
Fetching stats from: https://www.mlb.com/stats/rbi?timeframe=-14&page=34
Fetching stats from: https://www.mlb.com/stats/rbi?timeframe=-14&page=35
Fetching stats from: https://www.mlb.com/stats/rbi?timeframe=-14&page=36
Fetching stats from: https://www.mlb.com/stats/rbi?timeframe=-14&page=37
Fetching stats from: https://www.mlb.com/stats/rbi?timeframe=-14&page=38
Fetching stats from: https://www.mlb.com/stats/rbi?timeframe=-14&page=39
Fetching stats from: https://www.mlb.com/stats/rbi?timeframe=-14&page=40
Fetching stats from: https://www.mlb.com/stats/rbi?timeframe=-14&page=41
Fetching stats from: https://www.mlb.com/stats/rbi?timeframe=-14&page=42
Fetching stats from: https://www.mlb.com/stats/rbi?timeframe=-14&page=43
Fetching stats from: https://www.mlb.com/stats/rbi?timeframe=-14&page=44
Fetching stats from: https://www.mlb.com/stats/rbi?timeframe=-14&page=45
Fetching stats from: https://www.mlb.com/stats/rbi?timeframe=-14&page=46
Fetching stats from: https://www.mlb.com/stats/rbi?timeframe=-14&page=47
Total stats rows fetched: 1176
💾 Saved mlb_stats.csv with raw stats data.
💾 Fetched MLB injury data with 165 rows.
💾 Saved mlb_injuries.csv.
MLB data scraping complete.
Starting MLB data scraping...
Fetching stats from: https://www.mlb.com/stats/rbi?timeframe=-14&page=1
Fetching stats from: https://www.mlb.com/stats/rbi?timeframe=-14&page=2
Fetching stats from: https://www.mlb.com/stats/rbi?timeframe=-14&page=3
Fetching stats from: https://www.mlb.com/stats/rbi?timeframe=-14&page=4
Fetching stats from: https://www.mlb.com/stats/rbi?timeframe=-14&page=5
Fetching stats from: https://www.mlb.com/stats/rbi?timeframe=-14&page=6
Fetching stats from: https://www.mlb.com/stats/rbi?timeframe=-14&page=7
Fetching stats from: https://www.mlb.com/stats/rbi?timeframe=-14&page=8
Fetching stats from: https://www.mlb.com/stats/rbi?timeframe=-14&page=9
Fetching stats from: https://www.mlb.com/stats/rbi?timeframe=-14&page=10
Fetching stats from: https://www.mlb.com/stats/rbi?timeframe=-14&page=11
Fetching stats from: https://www.mlb.com/stats/rbi?timeframe=-14&page=12
Fetching stats from: https://www.mlb.com/stats/rbi?timeframe=-14&page=13
Fetching stats from: https://www.mlb.com/stats/rbi?timeframe=-14&page=14
Fetching stats from: https://www.mlb.com/stats/rbi?timeframe=-14&page=15
Fetching stats from: https://www.mlb.com/stats/rbi?timeframe=-14&page=16
Fetching stats from: https://www.mlb.com/stats/rbi?timeframe=-14&page=17
Fetching stats from: https://www.mlb.com/stats/rbi?timeframe=-14&page=18
Fetching stats from: https://www.mlb.com/stats/rbi?timeframe=-14&page=19
Fetching stats from: https://www.mlb.com/stats/rbi?timeframe=-14&page=20
Fetching stats from: https://www.mlb.com/stats/rbi?timeframe=-14&page=21
Fetching stats from: https://www.mlb.com/stats/rbi?timeframe=-14&page=22
Fetching stats from: https://www.mlb.com/stats/rbi?timeframe=-14&page=23
Fetching stats from: https://www.mlb.com/stats/rbi?timeframe=-14&page=24
Fetching stats from: https://www.mlb.com/stats/rbi?timeframe=-14&page=25
Fetching stats from: https://www.mlb.com/stats/rbi?timeframe=-14&page=26
Fetching stats from: https://www.mlb.com/stats/rbi?timeframe=-14&page=27
Fetching stats from: https://www.mlb.com/stats/rbi?timeframe=-14&page=28
Fetching stats from: https://www.mlb.com/stats/rbi?timeframe=-14&page=29
Fetching stats from: https://www.mlb.com/stats/rbi?timeframe=-14&page=30
Fetching stats from: https://www.mlb.com/stats/rbi?timeframe=-14&page=31
Fetching stats from: https://www.mlb.com/stats/rbi?timeframe=-14&page=32
Fetching stats from: https://www.mlb.com/stats/rbi?timeframe=-14&page=33
Fetching stats from: https://www.mlb.com/stats/rbi?timeframe=-14&page=34
Fetching stats from: https://www.mlb.com/stats/rbi?timeframe=-14&page=35
Fetching stats from: https://www.mlb.com/stats/rbi?timeframe=-14&page=36
Fetching stats from: https://www.mlb.com/stats/rbi?timeframe=-14&page=37
Fetching stats from: https://www.mlb.com/stats/rbi?timeframe=-14&page=38
Fetching stats from: https://www.mlb.com/stats/rbi?timeframe=-14&page=39
Fetching stats from: https://www.mlb.com/stats/rbi?timeframe=-14&page=40
Fetching stats from: https://www.mlb.com/stats/rbi?timeframe=-14&page=41
Fetching stats from: https://www.mlb.com/stats/rbi?timeframe=-14&page=42
Fetching stats from: https://www.mlb.com/stats/rbi?timeframe=-14&page=43
Fetching stats from: https://www.mlb.com/stats/rbi?timeframe=-14&page=44
Fetching stats from: https://www.mlb.com/stats/rbi?timeframe=-14&page=45
Fetching stats from: https://www.mlb.com/stats/rbi?timeframe=-14&page=46
Fetching stats from: https://www.mlb.com/stats/rbi?timeframe=-14&page=47
Total stats rows fetched: 1176
💾 Saved mlb_stats.csv with raw stats data.
💾 Fetched MLB injury data with 165 rows.
💾 Saved mlb_injuries.csv.
MLB data scraping complete.
Starting MLB data scraping...
Fetching stats from: https://www.mlb.com/stats/rbi?timeframe=-14&page=1
Fetching stats from: https://www.mlb.com/stats/rbi?timeframe=-14&page=2
Fetching stats from: https://www.mlb.com/stats/rbi?timeframe=-14&page=3
Fetching stats from: https://www.mlb.com/stats/rbi?timeframe=-14&page=4
Fetching stats from: https://www.mlb.com/stats/rbi?timeframe=-14&page=5
Fetching stats from: https://www.mlb.com/stats/rbi?timeframe=-14&page=6
Fetching stats from: https://www.mlb.com/stats/rbi?timeframe=-14&page=7
Fetching stats from: https://www.mlb.com/stats/rbi?timeframe=-14&page=8
Fetching stats from: https://www.mlb.com/stats/rbi?timeframe=-14&page=9
Fetching stats from: https://www.mlb.com/stats/rbi?timeframe=-14&page=10
Fetching stats from: https://www.mlb.com/stats/rbi?timeframe=-14&page=11
Fetching stats from: https://www.mlb.com/stats/rbi?timeframe=-14&page=12
Fetching stats from: https://www.mlb.com/stats/rbi?timeframe=-14&page=13
Fetching stats from: https://www.mlb.com/stats/rbi?timeframe=-14&page=14
Fetching stats from: https://www.mlb.com/stats/rbi?timeframe=-14&page=15
Fetching stats from: https://www.mlb.com/stats/rbi?timeframe=-14&page=16
Fetching stats from: https://www.mlb.com/stats/rbi?timeframe=-14&page=17
Fetching stats from: https://www.mlb.com/stats/rbi?timeframe=-14&page=18
Fetching stats from: https://www.mlb.com/stats/rbi?timeframe=-14&page=19
Fetching stats from: https://www.mlb.com/stats/rbi?timeframe=-14&page=20
Fetching stats from: https://www.mlb.com/stats/rbi?timeframe=-14&page=21
Fetching stats from: https://www.mlb.com/stats/rbi?timeframe=-14&page=22
Fetching stats from: https://www.mlb.com/stats/rbi?timeframe=-14&page=23
Fetching stats from: https://www.mlb.com/stats/rbi?timeframe=-14&page=24
Fetching stats from: https://www.mlb.com/stats/rbi?timeframe=-14&page=25
Fetching stats from: https://www.mlb.com/stats/rbi?timeframe=-14&page=26
Fetching stats from: https://www.mlb.com/stats/rbi?timeframe=-14&page=27
Fetching stats from: https://www.mlb.com/stats/rbi?timeframe=-14&page=28
Fetching stats from: https://www.mlb.com/stats/rbi?timeframe=-14&page=29
Fetching stats from: https://www.mlb.com/stats/rbi?timeframe=-14&page=30
Fetching stats from: https://www.mlb.com/stats/rbi?timeframe=-14&page=31
Fetching stats from: https://www.mlb.com/stats/rbi?timeframe=-14&page=32
Fetching stats from: https://www.mlb.com/stats/rbi?timeframe=-14&page=33
Fetching stats from: https://www.mlb.com/stats/rbi?timeframe=-14&page=34
Fetching stats from: https://www.mlb.com/stats/rbi?timeframe=-14&page=35
Fetching stats from: https://www.mlb.com/stats/rbi?timeframe=-14&page=36
Fetching stats from: https://www.mlb.com/stats/rbi?timeframe=-14&page=37
Fetching stats from: https://www.mlb.com/stats/rbi?timeframe=-14&page=38
Fetching stats from: https://www.mlb.com/stats/rbi?timeframe=-14&page=39
Fetching stats from: https://www.mlb.com/stats/rbi?timeframe=-14&page=40
Fetching stats from: https://www.mlb.com/stats/rbi?timeframe=-14&page=41
Fetching stats from: https://www.mlb.com/stats/rbi?timeframe=-14&page=42
Fetching stats from: https://www.mlb.com/stats/rbi?timeframe=-14&page=43
Fetching stats from: https://www.mlb.com/stats/rbi?timeframe=-14&page=44
Fetching stats from: https://www.mlb.com/stats/rbi?timeframe=-14&page=45
Fetching stats from: https://www.mlb.com/stats/rbi?timeframe=-14&page=46
Fetching stats from: https://www.mlb.com/stats/rbi?timeframe=-14&page=47
Total stats rows fetched: 1176
💾 Saved mlb_stats.csv with raw stats data.
💾 Fetched MLB injury data with 165 rows.
💾 Saved mlb_injuries.csv.
MLB data scraping complete.
Starting MLB data scraping...
Fetching stats from: https://www.mlb.com/stats/rbi?timeframe=-14&page=1
Fetching stats from: https://www.mlb.com/stats/rbi?timeframe=-14&page=2
Fetching stats from: https://www.mlb.com/stats/rbi?timeframe=-14&page=3
Fetching stats from: https://www.mlb.com/stats/rbi?timeframe=-14&page=4
Fetching stats from: https://www.mlb.com/stats/rbi?timeframe=-14&page=5
Fetching stats from: https://www.mlb.com/stats/rbi?timeframe=-14&page=6
Fetching stats from: https://www.mlb.com/stats/rbi?timeframe=-14&page=7
Fetching stats from: https://www.mlb.com/stats/rbi?timeframe=-14&page=8
Fetching stats from: https://www.mlb.com/stats/rbi?timeframe=-14&page=9
Fetching stats from: https://www.mlb.com/stats/rbi?timeframe=-14&page=10
Fetching stats from: https://www.mlb.com/stats/rbi?timeframe=-14&page=11
Fetching stats from: https://www.mlb.com/stats/rbi?timeframe=-14&page=12
Fetching stats from: https://www.mlb.com/stats/rbi?timeframe=-14&page=13
Fetching stats from: https://www.mlb.com/stats/rbi?timeframe=-14&page=14
Fetching stats from: https://www.mlb.com/stats/rbi?timeframe=-14&page=15
Fetching stats from: https://www.mlb.com/stats/rbi?timeframe=-14&page=16
Fetching stats from: https://www.mlb.com/stats/rbi?timeframe=-14&page=17
Fetching stats from: https://www.mlb.com/stats/rbi?timeframe=-14&page=18
Fetching stats from: https://www.mlb.com/stats/rbi?timeframe=-14&page=19
Fetching stats from: https://www.mlb.com/stats/rbi?timeframe=-14&page=20
Fetching stats from: https://www.mlb.com/stats/rbi?timeframe=-14&page=21
Fetching stats from: https://www.mlb.com/stats/rbi?timeframe=-14&page=22
Fetching stats from: https://www.mlb.com/stats/rbi?timeframe=-14&page=23
Fetching stats from: https://www.mlb.com/stats/rbi?timeframe=-14&page=24
Fetching stats from: https://www.mlb.com/stats/rbi?timeframe=-14&page=25
Fetching stats from: https://www.mlb.com/stats/rbi?timeframe=-14&page=26
Fetching stats from: https://www.mlb.com/stats/rbi?timeframe=-14&page=27
Fetching stats from: https://www.mlb.com/stats/rbi?timeframe=-14&page=28
Fetching stats from: https://www.mlb.com/stats/rbi?timeframe=-14&page=29
Fetching stats from: https://www.mlb.com/stats/rbi?timeframe=-14&page=30
Fetching stats from: https://www.mlb.com/stats/rbi?timeframe=-14&page=31
Fetching stats from: https://www.mlb.com/stats/rbi?timeframe=-14&page=32
Fetching stats from: https://www.mlb.com/stats/rbi?timeframe=-14&page=33
Fetching stats from: https://www.mlb.com/stats/rbi?timeframe=-14&page=34
Fetching stats from: https://www.mlb.com/stats/rbi?timeframe=-14&page=35
Fetching stats from: https://www.mlb.com/stats/rbi?timeframe=-14&page=36
Fetching stats from: https://www.mlb.com/stats/rbi?timeframe=-14&page=37
Fetching stats from: https://www.mlb.com/stats/rbi?timeframe=-14&page=38
Fetching stats from: https://www.mlb.com/stats/rbi?timeframe=-14&page=39
Fetching stats from: https://www.mlb.com/stats/rbi?timeframe=-14&page=40
Fetching stats from: https://www.mlb.com/stats/rbi?timeframe=-14&page=41
Fetching stats from: https://www.mlb.com/stats/rbi?timeframe=-14&page=42
Fetching stats from: https://www.mlb.com/stats/rbi?timeframe=-14&page=43
Fetching stats from: https://www.mlb.com/stats/rbi?timeframe=-14&page=44
Fetching stats from: https://www.mlb.com/stats/rbi?timeframe=-14&page=45
Fetching stats from: https://www.mlb.com/stats/rbi?timeframe=-14&page=46
Fetching stats from: https://www.mlb.com/stats/rbi?timeframe=-14&page=47
Total stats rows fetched: 1176
💾 Saved mlb_stats.csv with raw stats data.
💾 Fetched MLB injury data with 165 rows.
💾 Saved mlb_injuries.csv.
MLB data scraping complete.
Starting MLB data scraping...
Fetching stats from: https://www.mlb.com/stats/rbi?timeframe=-14&page=1
Error loading stats page 1 Message: timeout: Timed out receiving message from renderer: 18.901
  (Session info: chrome=133.0.6943.142)
Stacktrace:
0   chromedriver                        0x00000001034e42d4 cxxbridge1$str$ptr + 2739836
1   chromedriver                        0x00000001034dc934 cxxbridge1$str$ptr + 2708700
2   chromedriver                        0x000000010303df90 cxxbridge1$string$len + 93360
3   chromedriver                        0x000000010302830c cxxbridge1$string$len + 4140
4   chromedriver                        0x0000000103028084 cxxbridge1$string$len + 3492
5   chromedriver                        0x0000000103025d9c chromedriver + 187804
6   chromedriver                        0x00000001030269f4 chromedriver + 190964
7   chromedriver                        0x0000000103034848 cxxbridge1$string$len + 54632
8   chromedriver                        0x000000010304a0a8 cxxbridge1$string$len + 142792
9   chromedriver                        0x0000000103027028 chromedriver + 192552
10  chromedriver                        0x0000000103049e84 cxxbridge1$string$len + 142244
11  chromedriver                        0x00000001030c615c cxxbridge1$string$len + 650876
12  chromedriver                        0x0000000103079060 cxxbridge1$string$len + 335232
13  chromedriver                        0x00000001034acc38 cxxbridge1$str$ptr + 2512864
14  chromedriver                        0x00000001034aff58 cxxbridge1$str$ptr + 2525952
15  chromedriver                        0x0000000103492578 cxxbridge1$str$ptr + 2404640
16  chromedriver                        0x00000001034b0818 cxxbridge1$str$ptr + 2528192
17  chromedriver                        0x0000000103482f2c cxxbridge1$str$ptr + 2341588
18  chromedriver                        0x00000001034cca60 cxxbridge1$str$ptr + 2643464
19  chromedriver                        0x00000001034ccbe8 cxxbridge1$str$ptr + 2643856
20  chromedriver                        0x00000001034dc5a8 cxxbridge1$str$ptr + 2707792
21  libsystem_pthread.dylib             0x00000001934b02e4 _pthread_start + 136
22  libsystem_pthread.dylib             0x00000001934ab0fc thread_start + 8

Fetching stats from: https://www.mlb.com/stats/rbi?timeframe=-14&page=2
Error loading stats page 2 Message: timeout: Timed out receiving message from renderer: 16.895
  (Session info: chrome=133.0.6943.142)
Stacktrace:
0   chromedriver                        0x00000001034e42d4 cxxbridge1$str$ptr + 2739836
1   chromedriver                        0x00000001034dc934 cxxbridge1$str$ptr + 2708700
2   chromedriver                        0x000000010303df90 cxxbridge1$string$len + 93360
3   chromedriver                        0x000000010302830c cxxbridge1$string$len + 4140
4   chromedriver                        0x0000000103028084 cxxbridge1$string$len + 3492
5   chromedriver                        0x0000000103025d9c chromedriver + 187804
6   chromedriver                        0x00000001030269f4 chromedriver + 190964
7   chromedriver                        0x0000000103034848 cxxbridge1$string$len + 54632
8   chromedriver                        0x000000010304a0a8 cxxbridge1$string$len + 142792
9   chromedriver                        0x0000000103027028 chromedriver + 192552
10  chromedriver                        0x0000000103049e84 cxxbridge1$string$len + 142244
11  chromedriver                        0x00000001030c615c cxxbridge1$string$len + 650876
12  chromedriver                        0x0000000103079060 cxxbridge1$string$len + 335232
13  chromedriver                        0x00000001034acc38 cxxbridge1$str$ptr + 2512864
14  chromedriver                        0x00000001034aff58 cxxbridge1$str$ptr + 2525952
15  chromedriver                        0x0000000103492578 cxxbridge1$str$ptr + 2404640
16  chromedriver                        0x00000001034b0818 cxxbridge1$str$ptr + 2528192
17  chromedriver                        0x0000000103482f2c cxxbridge1$str$ptr + 2341588
18  chromedriver                        0x00000001034cca60 cxxbridge1$str$ptr + 2643464
19  chromedriver                        0x00000001034ccbe8 cxxbridge1$str$ptr + 2643856
20  chromedriver                        0x00000001034dc5a8 cxxbridge1$str$ptr + 2707792
21  libsystem_pthread.dylib             0x00000001934b02e4 _pthread_start + 136
22  libsystem_pthread.dylib             0x00000001934ab0fc thread_start + 8

Fetching stats from: https://www.mlb.com/stats/rbi?timeframe=-14&page=3
Error loading stats page 3 Message: timeout: Timed out receiving message from renderer: 18.006
  (Session info: chrome=133.0.6943.142)
Stacktrace:
0   chromedriver                        0x00000001034e42d4 cxxbridge1$str$ptr + 2739836
1   chromedriver                        0x00000001034dc934 cxxbridge1$str$ptr + 2708700
2   chromedriver                        0x000000010303df90 cxxbridge1$string$len + 93360
3   chromedriver                        0x000000010302830c cxxbridge1$string$len + 4140
4   chromedriver                        0x0000000103028084 cxxbridge1$string$len + 3492
5   chromedriver                        0x0000000103025d9c chromedriver + 187804
6   chromedriver                        0x00000001030269f4 chromedriver + 190964
7   chromedriver                        0x0000000103034848 cxxbridge1$string$len + 54632
8   chromedriver                        0x000000010304a0a8 cxxbridge1$string$len + 142792
9   chromedriver                        0x0000000103027028 chromedriver + 192552
10  chromedriver                        0x0000000103049e84 cxxbridge1$string$len + 142244
11  chromedriver                        0x00000001030c615c cxxbridge1$string$len + 650876
12  chromedriver                        0x0000000103079060 cxxbridge1$string$len + 335232
13  chromedriver                        0x00000001034acc38 cxxbridge1$str$ptr + 2512864
14  chromedriver                        0x00000001034aff58 cxxbridge1$str$ptr + 2525952
15  chromedriver                        0x0000000103492578 cxxbridge1$str$ptr + 2404640
16  chromedriver                        0x00000001034b0818 cxxbridge1$str$ptr + 2528192
17  chromedriver                        0x0000000103482f2c cxxbridge1$str$ptr + 2341588
18  chromedriver                        0x00000001034cca60 cxxbridge1$str$ptr + 2643464
19  chromedriver                        0x00000001034ccbe8 cxxbridge1$str$ptr + 2643856
20  chromedriver                        0x00000001034dc5a8 cxxbridge1$str$ptr + 2707792
21  libsystem_pthread.dylib             0x00000001934b02e4 _pthread_start + 136
22  libsystem_pthread.dylib             0x00000001934ab0fc thread_start + 8

Fetching stats from: https://www.mlb.com/stats/rbi?timeframe=-14&page=4
Error loading stats page 4 Message: timeout: Timed out receiving message from renderer: 17.598
  (Session info: chrome=133.0.6943.142)
Stacktrace:
0   chromedriver                        0x00000001034e42d4 cxxbridge1$str$ptr + 2739836
1   chromedriver                        0x00000001034dc934 cxxbridge1$str$ptr + 2708700
2   chromedriver                        0x000000010303df90 cxxbridge1$string$len + 93360
3   chromedriver                        0x000000010302830c cxxbridge1$string$len + 4140
4   chromedriver                        0x0000000103028084 cxxbridge1$string$len + 3492
5   chromedriver                        0x0000000103025d9c chromedriver + 187804
6   chromedriver                        0x00000001030269f4 chromedriver + 190964
7   chromedriver                        0x0000000103034848 cxxbridge1$string$len + 54632
8   chromedriver                        0x000000010304a0a8 cxxbridge1$string$len + 142792
9   chromedriver                        0x0000000103027028 chromedriver + 192552
10  chromedriver                        0x0000000103049e84 cxxbridge1$string$len + 142244
11  chromedriver                        0x00000001030c615c cxxbridge1$string$len + 650876
12  chromedriver                        0x0000000103079060 cxxbridge1$string$len + 335232
13  chromedriver                        0x00000001034acc38 cxxbridge1$str$ptr + 2512864
14  chromedriver                        0x00000001034aff58 cxxbridge1$str$ptr + 2525952
15  chromedriver                        0x0000000103492578 cxxbridge1$str$ptr + 2404640
16  chromedriver                        0x00000001034b0818 cxxbridge1$str$ptr + 2528192
17  chromedriver                        0x0000000103482f2c cxxbridge1$str$ptr + 2341588
18  chromedriver                        0x00000001034cca60 cxxbridge1$str$ptr + 2643464
19  chromedriver                        0x00000001034ccbe8 cxxbridge1$str$ptr + 2643856
20  chromedriver                        0x00000001034dc5a8 cxxbridge1$str$ptr + 2707792
21  libsystem_pthread.dylib             0x00000001934b02e4 _pthread_start + 136
22  libsystem_pthread.dylib             0x00000001934ab0fc thread_start + 8

Fetching stats from: https://www.mlb.com/stats/rbi?timeframe=-14&page=5
Error loading stats page 5 Message: timeout: Timed out receiving message from renderer: 17.451
  (Session info: chrome=133.0.6943.142)
Stacktrace:
0   chromedriver                        0x00000001034e42d4 cxxbridge1$str$ptr + 2739836
1   chromedriver                        0x00000001034dc934 cxxbridge1$str$ptr + 2708700
2   chromedriver                        0x000000010303df90 cxxbridge1$string$len + 93360
3   chromedriver                        0x000000010302830c cxxbridge1$string$len + 4140
4   chromedriver                        0x0000000103028084 cxxbridge1$string$len + 3492
5   chromedriver                        0x0000000103025d9c chromedriver + 187804
6   chromedriver                        0x00000001030269f4 chromedriver + 190964
7   chromedriver                        0x0000000103034848 cxxbridge1$string$len + 54632
8   chromedriver                        0x000000010304a0a8 cxxbridge1$string$len + 142792
9   chromedriver                        0x0000000103027028 chromedriver + 192552
10  chromedriver                        0x0000000103049e84 cxxbridge1$string$len + 142244
11  chromedriver                        0x00000001030c615c cxxbridge1$string$len + 650876
12  chromedriver                        0x0000000103079060 cxxbridge1$string$len + 335232
13  chromedriver                        0x00000001034acc38 cxxbridge1$str$ptr + 2512864
14  chromedriver                        0x00000001034aff58 cxxbridge1$str$ptr + 2525952
15  chromedriver                        0x0000000103492578 cxxbridge1$str$ptr + 2404640
16  chromedriver                        0x00000001034b0818 cxxbridge1$str$ptr + 2528192
17  chromedriver                        0x0000000103482f2c cxxbridge1$str$ptr + 2341588
18  chromedriver                        0x00000001034cca60 cxxbridge1$str$ptr + 2643464
19  chromedriver                        0x00000001034ccbe8 cxxbridge1$str$ptr + 2643856
20  chromedriver                        0x00000001034dc5a8 cxxbridge1$str$ptr + 2707792
21  libsystem_pthread.dylib             0x00000001934b02e4 _pthread_start + 136
22  libsystem_pthread.dylib             0x00000001934ab0fc thread_start + 8

Fetching stats from: https://www.mlb.com/stats/rbi?timeframe=-14&page=6
Error loading stats page 6 Message: timeout: Timed out receiving message from renderer: 17.314
  (Session info: chrome=133.0.6943.142)
Stacktrace:
0   chromedriver                        0x00000001034e42d4 cxxbridge1$str$ptr + 2739836
1   chromedriver                        0x00000001034dc934 cxxbridge1$str$ptr + 2708700
2   chromedriver                        0x000000010303df90 cxxbridge1$string$len + 93360
3   chromedriver                        0x000000010302830c cxxbridge1$string$len + 4140
4   chromedriver                        0x0000000103028084 cxxbridge1$string$len + 3492
5   chromedriver                        0x0000000103025d9c chromedriver + 187804
6   chromedriver                        0x00000001030269f4 chromedriver + 190964
7   chromedriver                        0x0000000103034848 cxxbridge1$string$len + 54632
8   chromedriver                        0x000000010304a0a8 cxxbridge1$string$len + 142792
9   chromedriver                        0x0000000103027028 chromedriver + 192552
10  chromedriver                        0x0000000103049e84 cxxbridge1$string$len + 142244
11  chromedriver                        0x00000001030c615c cxxbridge1$string$len + 650876
12  chromedriver                        0x0000000103079060 cxxbridge1$string$len + 335232
13  chromedriver                        0x00000001034acc38 cxxbridge1$str$ptr + 2512864
14  chromedriver                        0x00000001034aff58 cxxbridge1$str$ptr + 2525952
15  chromedriver                        0x0000000103492578 cxxbridge1$str$ptr + 2404640
16  chromedriver                        0x00000001034b0818 cxxbridge1$str$ptr + 2528192
17  chromedriver                        0x0000000103482f2c cxxbridge1$str$ptr + 2341588
18  chromedriver                        0x00000001034cca60 cxxbridge1$str$ptr + 2643464
19  chromedriver                        0x00000001034ccbe8 cxxbridge1$str$ptr + 2643856
20  chromedriver                        0x00000001034dc5a8 cxxbridge1$str$ptr + 2707792
21  libsystem_pthread.dylib             0x00000001934b02e4 _pthread_start + 136
22  libsystem_pthread.dylib             0x00000001934ab0fc thread_start + 8

Fetching stats from: https://www.mlb.com/stats/rbi?timeframe=-14&page=7
Error loading stats page 7 Message: timeout: Timed out receiving message from renderer: 17.421
  (Session info: chrome=133.0.6943.142)
Stacktrace:
0   chromedriver                        0x00000001034e42d4 cxxbridge1$str$ptr + 2739836
1   chromedriver                        0x00000001034dc934 cxxbridge1$str$ptr + 2708700
2   chromedriver                        0x000000010303df90 cxxbridge1$string$len + 93360
3   chromedriver                        0x000000010302830c cxxbridge1$string$len + 4140
4   chromedriver                        0x0000000103028084 cxxbridge1$string$len + 3492
5   chromedriver                        0x0000000103025d9c chromedriver + 187804
6   chromedriver                        0x00000001030269f4 chromedriver + 190964
7   chromedriver                        0x0000000103034848 cxxbridge1$string$len + 54632
8   chromedriver                        0x000000010304a0a8 cxxbridge1$string$len + 142792
9   chromedriver                        0x0000000103027028 chromedriver + 192552
10  chromedriver                        0x0000000103049e84 cxxbridge1$string$len + 142244
11  chromedriver                        0x00000001030c615c cxxbridge1$string$len + 650876
12  chromedriver                        0x0000000103079060 cxxbridge1$string$len + 335232
13  chromedriver                        0x00000001034acc38 cxxbridge1$str$ptr + 2512864
14  chromedriver                        0x00000001034aff58 cxxbridge1$str$ptr + 2525952
15  chromedriver                        0x0000000103492578 cxxbridge1$str$ptr + 2404640
16  chromedriver                        0x00000001034b0818 cxxbridge1$str$ptr + 2528192
17  chromedriver                        0x0000000103482f2c cxxbridge1$str$ptr + 2341588
18  chromedriver                        0x00000001034cca60 cxxbridge1$str$ptr + 2643464
19  chromedriver                        0x00000001034ccbe8 cxxbridge1$str$ptr + 2643856
20  chromedriver                        0x00000001034dc5a8 cxxbridge1$str$ptr + 2707792
21  libsystem_pthread.dylib             0x00000001934b02e4 _pthread_start + 136
22  libsystem_pthread.dylib             0x00000001934ab0fc thread_start + 8

Fetching stats from: https://www.mlb.com/stats/rbi?timeframe=-14&page=8
Error loading stats page 8 Message: timeout: Timed out receiving message from renderer: 17.563
  (Session info: chrome=133.0.6943.142)
Stacktrace:
0   chromedriver                        0x00000001034e42d4 cxxbridge1$str$ptr + 2739836
1   chromedriver                        0x00000001034dc934 cxxbridge1$str$ptr + 2708700
2   chromedriver                        0x000000010303df90 cxxbridge1$string$len + 93360
3   chromedriver                        0x000000010302830c cxxbridge1$string$len + 4140
4   chromedriver                        0x0000000103028084 cxxbridge1$string$len + 3492
5   chromedriver                        0x0000000103025d9c chromedriver + 187804
6   chromedriver                        0x00000001030269f4 chromedriver + 190964
7   chromedriver                        0x0000000103034848 cxxbridge1$string$len + 54632
8   chromedriver                        0x000000010304a0a8 cxxbridge1$string$len + 142792
9   chromedriver                        0x0000000103027028 chromedriver + 192552
10  chromedriver                        0x0000000103049e84 cxxbridge1$string$len + 142244
11  chromedriver                        0x00000001030c615c cxxbridge1$string$len + 650876
12  chromedriver                        0x0000000103079060 cxxbridge1$string$len + 335232
13  chromedriver                        0x00000001034acc38 cxxbridge1$str$ptr + 2512864
14  chromedriver                        0x00000001034aff58 cxxbridge1$str$ptr + 2525952
15  chromedriver                        0x0000000103492578 cxxbridge1$str$ptr + 2404640
16  chromedriver                        0x00000001034b0818 cxxbridge1$str$ptr + 2528192
17  chromedriver                        0x0000000103482f2c cxxbridge1$str$ptr + 2341588
18  chromedriver                        0x00000001034cca60 cxxbridge1$str$ptr + 2643464
19  chromedriver                        0x00000001034ccbe8 cxxbridge1$str$ptr + 2643856
20  chromedriver                        0x00000001034dc5a8 cxxbridge1$str$ptr + 2707792
21  libsystem_pthread.dylib             0x00000001934b02e4 _pthread_start + 136
22  libsystem_pthread.dylib             0x00000001934ab0fc thread_start + 8

Fetching stats from: https://www.mlb.com/stats/rbi?timeframe=-14&page=9
Error loading stats page 9 Message: timeout: Timed out receiving message from renderer: 17.361
  (Session info: chrome=133.0.6943.142)
Stacktrace:
0   chromedriver                        0x00000001034e42d4 cxxbridge1$str$ptr + 2739836
1   chromedriver                        0x00000001034dc934 cxxbridge1$str$ptr + 2708700
2   chromedriver                        0x000000010303df90 cxxbridge1$string$len + 93360
3   chromedriver                        0x000000010302830c cxxbridge1$string$len + 4140
4   chromedriver                        0x0000000103028084 cxxbridge1$string$len + 3492
5   chromedriver                        0x0000000103025d9c chromedriver + 187804
6   chromedriver                        0x00000001030269f4 chromedriver + 190964
7   chromedriver                        0x0000000103034848 cxxbridge1$string$len + 54632
8   chromedriver                        0x000000010304a0a8 cxxbridge1$string$len + 142792
9   chromedriver                        0x0000000103027028 chromedriver + 192552
10  chromedriver                        0x0000000103049e84 cxxbridge1$string$len + 142244
11  chromedriver                        0x00000001030c615c cxxbridge1$string$len + 650876
12  chromedriver                        0x0000000103079060 cxxbridge1$string$len + 335232
13  chromedriver                        0x00000001034acc38 cxxbridge1$str$ptr + 2512864
14  chromedriver                        0x00000001034aff58 cxxbridge1$str$ptr + 2525952
15  chromedriver                        0x0000000103492578 cxxbridge1$str$ptr + 2404640
16  chromedriver                        0x00000001034b0818 cxxbridge1$str$ptr + 2528192
17  chromedriver                        0x0000000103482f2c cxxbridge1$str$ptr + 2341588
18  chromedriver                        0x00000001034cca60 cxxbridge1$str$ptr + 2643464
19  chromedriver                        0x00000001034ccbe8 cxxbridge1$str$ptr + 2643856
20  chromedriver                        0x00000001034dc5a8 cxxbridge1$str$ptr + 2707792
21  libsystem_pthread.dylib             0x00000001934b02e4 _pthread_start + 136
22  libsystem_pthread.dylib             0x00000001934ab0fc thread_start + 8

Fetching stats from: https://www.mlb.com/stats/rbi?timeframe=-14&page=10
Error loading stats page 10 Message: timeout: Timed out receiving message from renderer: 17.517
  (Session info: chrome=133.0.6943.142)
Stacktrace:
0   chromedriver                        0x00000001034e42d4 cxxbridge1$str$ptr + 2739836
1   chromedriver                        0x00000001034dc934 cxxbridge1$str$ptr + 2708700
2   chromedriver                        0x000000010303df90 cxxbridge1$string$len + 93360
3   chromedriver                        0x000000010302830c cxxbridge1$string$len + 4140
4   chromedriver                        0x0000000103028084 cxxbridge1$string$len + 3492
5   chromedriver                        0x0000000103025d9c chromedriver + 187804
6   chromedriver                        0x00000001030269f4 chromedriver + 190964
7   chromedriver                        0x0000000103034848 cxxbridge1$string$len + 54632
8   chromedriver                        0x000000010304a0a8 cxxbridge1$string$len + 142792
9   chromedriver                        0x0000000103027028 chromedriver + 192552
10  chromedriver                        0x0000000103049e84 cxxbridge1$string$len + 142244
11  chromedriver                        0x00000001030c615c cxxbridge1$string$len + 650876
12  chromedriver                        0x0000000103079060 cxxbridge1$string$len + 335232
13  chromedriver                        0x00000001034acc38 cxxbridge1$str$ptr + 2512864
14  chromedriver                        0x00000001034aff58 cxxbridge1$str$ptr + 2525952
15  chromedriver                        0x0000000103492578 cxxbridge1$str$ptr + 2404640
16  chromedriver                        0x00000001034b0818 cxxbridge1$str$ptr + 2528192
17  chromedriver                        0x0000000103482f2c cxxbridge1$str$ptr + 2341588
18  chromedriver                        0x00000001034cca60 cxxbridge1$str$ptr + 2643464
19  chromedriver                        0x00000001034ccbe8 cxxbridge1$str$ptr + 2643856
20  chromedriver                        0x00000001034dc5a8 cxxbridge1$str$ptr + 2707792
21  libsystem_pthread.dylib             0x00000001934b02e4 _pthread_start + 136
22  libsystem_pthread.dylib             0x00000001934ab0fc thread_start + 8

Fetching stats from: https://www.mlb.com/stats/rbi?timeframe=-14&page=11
Error loading stats page 11 Message: timeout: Timed out receiving message from renderer: 17.239
  (Session info: chrome=133.0.6943.142)
Stacktrace:
0   chromedriver                        0x00000001034e42d4 cxxbridge1$str$ptr + 2739836
1   chromedriver                        0x00000001034dc934 cxxbridge1$str$ptr + 2708700
2   chromedriver                        0x000000010303df90 cxxbridge1$string$len + 93360
3   chromedriver                        0x000000010302830c cxxbridge1$string$len + 4140
4   chromedriver                        0x0000000103028084 cxxbridge1$string$len + 3492
5   chromedriver                        0x0000000103025d9c chromedriver + 187804
6   chromedriver                        0x00000001030269f4 chromedriver + 190964
7   chromedriver                        0x0000000103034848 cxxbridge1$string$len + 54632
8   chromedriver                        0x000000010304a0a8 cxxbridge1$string$len + 142792
9   chromedriver                        0x0000000103027028 chromedriver + 192552
10  chromedriver                        0x0000000103049e84 cxxbridge1$string$len + 142244
11  chromedriver                        0x00000001030c615c cxxbridge1$string$len + 650876
12  chromedriver                        0x0000000103079060 cxxbridge1$string$len + 335232
13  chromedriver                        0x00000001034acc38 cxxbridge1$str$ptr + 2512864
14  chromedriver                        0x00000001034aff58 cxxbridge1$str$ptr + 2525952
15  chromedriver                        0x0000000103492578 cxxbridge1$str$ptr + 2404640
16  chromedriver                        0x00000001034b0818 cxxbridge1$str$ptr + 2528192
17  chromedriver                        0x0000000103482f2c cxxbridge1$str$ptr + 2341588
18  chromedriver                        0x00000001034cca60 cxxbridge1$str$ptr + 2643464
19  chromedriver                        0x00000001034ccbe8 cxxbridge1$str$ptr + 2643856
20  chromedriver                        0x00000001034dc5a8 cxxbridge1$str$ptr + 2707792
21  libsystem_pthread.dylib             0x00000001934b02e4 _pthread_start + 136
22  libsystem_pthread.dylib             0x00000001934ab0fc thread_start + 8

Fetching stats from: https://www.mlb.com/stats/rbi?timeframe=-14&page=12
Error loading stats page 12 Message: timeout: Timed out receiving message from renderer: 17.308
  (Session info: chrome=133.0.6943.142)
Stacktrace:
0   chromedriver                        0x00000001034e42d4 cxxbridge1$str$ptr + 2739836
1   chromedriver                        0x00000001034dc934 cxxbridge1$str$ptr + 2708700
2   chromedriver                        0x000000010303df90 cxxbridge1$string$len + 93360
3   chromedriver                        0x000000010302830c cxxbridge1$string$len + 4140
4   chromedriver                        0x0000000103028084 cxxbridge1$string$len + 3492
5   chromedriver                        0x0000000103025d9c chromedriver + 187804
6   chromedriver                        0x00000001030269f4 chromedriver + 190964
7   chromedriver                        0x0000000103034848 cxxbridge1$string$len + 54632
8   chromedriver                        0x000000010304a0a8 cxxbridge1$string$len + 142792
9   chromedriver                        0x0000000103027028 chromedriver + 192552
10  chromedriver                        0x0000000103049e84 cxxbridge1$string$len + 142244
11  chromedriver                        0x00000001030c615c cxxbridge1$string$len + 650876
12  chromedriver                        0x0000000103079060 cxxbridge1$string$len + 335232
13  chromedriver                        0x00000001034acc38 cxxbridge1$str$ptr + 2512864
14  chromedriver                        0x00000001034aff58 cxxbridge1$str$ptr + 2525952
15  chromedriver                        0x0000000103492578 cxxbridge1$str$ptr + 2404640
16  chromedriver                        0x00000001034b0818 cxxbridge1$str$ptr + 2528192
17  chromedriver                        0x0000000103482f2c cxxbridge1$str$ptr + 2341588
18  chromedriver                        0x00000001034cca60 cxxbridge1$str$ptr + 2643464
19  chromedriver                        0x00000001034ccbe8 cxxbridge1$str$ptr + 2643856
20  chromedriver                        0x00000001034dc5a8 cxxbridge1$str$ptr + 2707792
21  libsystem_pthread.dylib             0x00000001934b02e4 _pthread_start + 136
22  libsystem_pthread.dylib             0x00000001934ab0fc thread_start + 8

Fetching stats from: https://www.mlb.com/stats/rbi?timeframe=-14&page=13
Error loading stats page 13 Message: timeout: Timed out receiving message from renderer: 17.268
  (Session info: chrome=133.0.6943.142)
Stacktrace:
0   chromedriver                        0x00000001034e42d4 cxxbridge1$str$ptr + 2739836
1   chromedriver                        0x00000001034dc934 cxxbridge1$str$ptr + 2708700
2   chromedriver                        0x000000010303df90 cxxbridge1$string$len + 93360
3   chromedriver                        0x000000010302830c cxxbridge1$string$len + 4140
4   chromedriver                        0x0000000103028084 cxxbridge1$string$len + 3492
5   chromedriver                        0x0000000103025d9c chromedriver + 187804
6   chromedriver                        0x00000001030269f4 chromedriver + 190964
7   chromedriver                        0x0000000103034848 cxxbridge1$string$len + 54632
8   chromedriver                        0x000000010304a0a8 cxxbridge1$string$len + 142792
9   chromedriver                        0x0000000103027028 chromedriver + 192552
10  chromedriver                        0x0000000103049e84 cxxbridge1$string$len + 142244
11  chromedriver                        0x00000001030c615c cxxbridge1$string$len + 650876
12  chromedriver                        0x0000000103079060 cxxbridge1$string$len + 335232
13  chromedriver                        0x00000001034acc38 cxxbridge1$str$ptr + 2512864
14  chromedriver                        0x00000001034aff58 cxxbridge1$str$ptr + 2525952
15  chromedriver                        0x0000000103492578 cxxbridge1$str$ptr + 2404640
16  chromedriver                        0x00000001034b0818 cxxbridge1$str$ptr + 2528192
17  chromedriver                        0x0000000103482f2c cxxbridge1$str$ptr + 2341588
18  chromedriver                        0x00000001034cca60 cxxbridge1$str$ptr + 2643464
19  chromedriver                        0x00000001034ccbe8 cxxbridge1$str$ptr + 2643856
20  chromedriver                        0x00000001034dc5a8 cxxbridge1$str$ptr + 2707792
21  libsystem_pthread.dylib             0x00000001934b02e4 _pthread_start + 136
22  libsystem_pthread.dylib             0x00000001934ab0fc thread_start + 8

Fetching stats from: https://www.mlb.com/stats/rbi?timeframe=-14&page=14
Error loading stats page 14 Message: timeout: Timed out receiving message from renderer: 17.194
  (Session info: chrome=133.0.6943.142)
Stacktrace:
0   chromedriver                        0x00000001034e42d4 cxxbridge1$str$ptr + 2739836
1   chromedriver                        0x00000001034dc934 cxxbridge1$str$ptr + 2708700
2   chromedriver                        0x000000010303df90 cxxbridge1$string$len + 93360
3   chromedriver                        0x000000010302830c cxxbridge1$string$len + 4140
4   chromedriver                        0x0000000103028084 cxxbridge1$string$len + 3492
5   chromedriver                        0x0000000103025d9c chromedriver + 187804
6   chromedriver                        0x00000001030269f4 chromedriver + 190964
7   chromedriver                        0x0000000103034848 cxxbridge1$string$len + 54632
8   chromedriver                        0x000000010304a0a8 cxxbridge1$string$len + 142792
9   chromedriver                        0x0000000103027028 chromedriver + 192552
10  chromedriver                        0x0000000103049e84 cxxbridge1$string$len + 142244
11  chromedriver                        0x00000001030c615c cxxbridge1$string$len + 650876
12  chromedriver                        0x0000000103079060 cxxbridge1$string$len + 335232
13  chromedriver                        0x00000001034acc38 cxxbridge1$str$ptr + 2512864
14  chromedriver                        0x00000001034aff58 cxxbridge1$str$ptr + 2525952
15  chromedriver                        0x0000000103492578 cxxbridge1$str$ptr + 2404640
16  chromedriver                        0x00000001034b0818 cxxbridge1$str$ptr + 2528192
17  chromedriver                        0x0000000103482f2c cxxbridge1$str$ptr + 2341588
18  chromedriver                        0x00000001034cca60 cxxbridge1$str$ptr + 2643464
19  chromedriver                        0x00000001034ccbe8 cxxbridge1$str$ptr + 2643856
20  chromedriver                        0x00000001034dc5a8 cxxbridge1$str$ptr + 2707792
21  libsystem_pthread.dylib             0x00000001934b02e4 _pthread_start + 136
22  libsystem_pthread.dylib             0x00000001934ab0fc thread_start + 8

Fetching stats from: https://www.mlb.com/stats/rbi?timeframe=-14&page=15
Error loading stats page 15 Message: timeout: Timed out receiving message from renderer: 17.853
  (Session info: chrome=133.0.6943.142)
Stacktrace:
0   chromedriver                        0x00000001034e42d4 cxxbridge1$str$ptr + 2739836
1   chromedriver                        0x00000001034dc934 cxxbridge1$str$ptr + 2708700
2   chromedriver                        0x000000010303df90 cxxbridge1$string$len + 93360
3   chromedriver                        0x000000010302830c cxxbridge1$string$len + 4140
4   chromedriver                        0x0000000103028084 cxxbridge1$string$len + 3492
5   chromedriver                        0x0000000103025d9c chromedriver + 187804
6   chromedriver                        0x00000001030269f4 chromedriver + 190964
7   chromedriver                        0x0000000103034848 cxxbridge1$string$len + 54632
8   chromedriver                        0x000000010304a0a8 cxxbridge1$string$len + 142792
9   chromedriver                        0x0000000103027028 chromedriver + 192552
10  chromedriver                        0x0000000103049e84 cxxbridge1$string$len + 142244
11  chromedriver                        0x00000001030c615c cxxbridge1$string$len + 650876
12  chromedriver                        0x0000000103079060 cxxbridge1$string$len + 335232
13  chromedriver                        0x00000001034acc38 cxxbridge1$str$ptr + 2512864
14  chromedriver                        0x00000001034aff58 cxxbridge1$str$ptr + 2525952
15  chromedriver                        0x0000000103492578 cxxbridge1$str$ptr + 2404640
16  chromedriver                        0x00000001034b0818 cxxbridge1$str$ptr + 2528192
17  chromedriver                        0x0000000103482f2c cxxbridge1$str$ptr + 2341588
18  chromedriver                        0x00000001034cca60 cxxbridge1$str$ptr + 2643464
19  chromedriver                        0x00000001034ccbe8 cxxbridge1$str$ptr + 2643856
20  chromedriver                        0x00000001034dc5a8 cxxbridge1$str$ptr + 2707792
21  libsystem_pthread.dylib             0x00000001934b02e4 _pthread_start + 136
22  libsystem_pthread.dylib             0x00000001934ab0fc thread_start + 8

Fetching stats from: https://www.mlb.com/stats/rbi?timeframe=-14&page=16
Error loading stats page 16 Message: timeout: Timed out receiving message from renderer: 17.353
  (Session info: chrome=133.0.6943.142)
Stacktrace:
0   chromedriver                        0x00000001034e42d4 cxxbridge1$str$ptr + 2739836
1   chromedriver                        0x00000001034dc934 cxxbridge1$str$ptr + 2708700
2   chromedriver                        0x000000010303df90 cxxbridge1$string$len + 93360
3   chromedriver                        0x000000010302830c cxxbridge1$string$len + 4140
4   chromedriver                        0x0000000103028084 cxxbridge1$string$len + 3492
5   chromedriver                        0x0000000103025d9c chromedriver + 187804
6   chromedriver                        0x00000001030269f4 chromedriver + 190964
7   chromedriver                        0x0000000103034848 cxxbridge1$string$len + 54632
8   chromedriver                        0x000000010304a0a8 cxxbridge1$string$len + 142792
9   chromedriver                        0x0000000103027028 chromedriver + 192552
10  chromedriver                        0x0000000103049e84 cxxbridge1$string$len + 142244
11  chromedriver                        0x00000001030c615c cxxbridge1$string$len + 650876
12  chromedriver                        0x0000000103079060 cxxbridge1$string$len + 335232
13  chromedriver                        0x00000001034acc38 cxxbridge1$str$ptr + 2512864
14  chromedriver                        0x00000001034aff58 cxxbridge1$str$ptr + 2525952
15  chromedriver                        0x0000000103492578 cxxbridge1$str$ptr + 2404640
16  chromedriver                        0x00000001034b0818 cxxbridge1$str$ptr + 2528192
17  chromedriver                        0x0000000103482f2c cxxbridge1$str$ptr + 2341588
18  chromedriver                        0x00000001034cca60 cxxbridge1$str$ptr + 2643464
19  chromedriver                        0x00000001034ccbe8 cxxbridge1$str$ptr + 2643856
20  chromedriver                        0x00000001034dc5a8 cxxbridge1$str$ptr + 2707792
21  libsystem_pthread.dylib             0x00000001934b02e4 _pthread_start + 136
22  libsystem_pthread.dylib             0x00000001934ab0fc thread_start + 8

Fetching stats from: https://www.mlb.com/stats/rbi?timeframe=-14&page=17
Error loading stats page 17 Message: timeout: Timed out receiving message from renderer: 17.698
  (Session info: chrome=133.0.6943.142)
Stacktrace:
0   chromedriver                        0x00000001034e42d4 cxxbridge1$str$ptr + 2739836
1   chromedriver                        0x00000001034dc934 cxxbridge1$str$ptr + 2708700
2   chromedriver                        0x000000010303df90 cxxbridge1$string$len + 93360
3   chromedriver                        0x000000010302830c cxxbridge1$string$len + 4140
4   chromedriver                        0x0000000103028084 cxxbridge1$string$len + 3492
5   chromedriver                        0x0000000103025d9c chromedriver + 187804
6   chromedriver                        0x00000001030269f4 chromedriver + 190964
7   chromedriver                        0x0000000103034848 cxxbridge1$string$len + 54632
8   chromedriver                        0x000000010304a0a8 cxxbridge1$string$len + 142792
9   chromedriver                        0x0000000103027028 chromedriver + 192552
10  chromedriver                        0x0000000103049e84 cxxbridge1$string$len + 142244
11  chromedriver                        0x00000001030c615c cxxbridge1$string$len + 650876
12  chromedriver                        0x0000000103079060 cxxbridge1$string$len + 335232
13  chromedriver                        0x00000001034acc38 cxxbridge1$str$ptr + 2512864
14  chromedriver                        0x00000001034aff58 cxxbridge1$str$ptr + 2525952
15  chromedriver                        0x0000000103492578 cxxbridge1$str$ptr + 2404640
16  chromedriver                        0x00000001034b0818 cxxbridge1$str$ptr + 2528192
17  chromedriver                        0x0000000103482f2c cxxbridge1$str$ptr + 2341588
18  chromedriver                        0x00000001034cca60 cxxbridge1$str$ptr + 2643464
19  chromedriver                        0x00000001034ccbe8 cxxbridge1$str$ptr + 2643856
20  chromedriver                        0x00000001034dc5a8 cxxbridge1$str$ptr + 2707792
21  libsystem_pthread.dylib             0x00000001934b02e4 _pthread_start + 136
22  libsystem_pthread.dylib             0x00000001934ab0fc thread_start + 8

Fetching stats from: https://www.mlb.com/stats/rbi?timeframe=-14&page=18
Error loading stats page 18 Message: timeout: Timed out receiving message from renderer: 17.419
  (Session info: chrome=133.0.6943.142)
Stacktrace:
0   chromedriver                        0x00000001034e42d4 cxxbridge1$str$ptr + 2739836
1   chromedriver                        0x00000001034dc934 cxxbridge1$str$ptr + 2708700
2   chromedriver                        0x000000010303df90 cxxbridge1$string$len + 93360
3   chromedriver                        0x000000010302830c cxxbridge1$string$len + 4140
4   chromedriver                        0x0000000103028084 cxxbridge1$string$len + 3492
5   chromedriver                        0x0000000103025d9c chromedriver + 187804
6   chromedriver                        0x00000001030269f4 chromedriver + 190964
7   chromedriver                        0x0000000103034848 cxxbridge1$string$len + 54632
8   chromedriver                        0x000000010304a0a8 cxxbridge1$string$len + 142792
9   chromedriver                        0x0000000103027028 chromedriver + 192552
10  chromedriver                        0x0000000103049e84 cxxbridge1$string$len + 142244
11  chromedriver                        0x00000001030c615c cxxbridge1$string$len + 650876
12  chromedriver                        0x0000000103079060 cxxbridge1$string$len + 335232
13  chromedriver                        0x00000001034acc38 cxxbridge1$str$ptr + 2512864
14  chromedriver                        0x00000001034aff58 cxxbridge1$str$ptr + 2525952
15  chromedriver                        0x0000000103492578 cxxbridge1$str$ptr + 2404640
16  chromedriver                        0x00000001034b0818 cxxbridge1$str$ptr + 2528192
17  chromedriver                        0x0000000103482f2c cxxbridge1$str$ptr + 2341588
18  chromedriver                        0x00000001034cca60 cxxbridge1$str$ptr + 2643464
19  chromedriver                        0x00000001034ccbe8 cxxbridge1$str$ptr + 2643856
20  chromedriver                        0x00000001034dc5a8 cxxbridge1$str$ptr + 2707792
21  libsystem_pthread.dylib             0x00000001934b02e4 _pthread_start + 136
22  libsystem_pthread.dylib             0x00000001934ab0fc thread_start + 8

Fetching stats from: https://www.mlb.com/stats/rbi?timeframe=-14&page=19
Error loading stats page 19 Message: timeout: Timed out receiving message from renderer: 17.202
  (Session info: chrome=133.0.6943.142)
Stacktrace:
0   chromedriver                        0x00000001034e42d4 cxxbridge1$str$ptr + 2739836
1   chromedriver                        0x00000001034dc934 cxxbridge1$str$ptr + 2708700
2   chromedriver                        0x000000010303df90 cxxbridge1$string$len + 93360
3   chromedriver                        0x000000010302830c cxxbridge1$string$len + 4140
4   chromedriver                        0x0000000103028084 cxxbridge1$string$len + 3492
5   chromedriver                        0x0000000103025d9c chromedriver + 187804
6   chromedriver                        0x00000001030269f4 chromedriver + 190964
7   chromedriver                        0x0000000103034848 cxxbridge1$string$len + 54632
8   chromedriver                        0x000000010304a0a8 cxxbridge1$string$len + 142792
9   chromedriver                        0x0000000103027028 chromedriver + 192552
10  chromedriver                        0x0000000103049e84 cxxbridge1$string$len + 142244
11  chromedriver                        0x00000001030c615c cxxbridge1$string$len + 650876
12  chromedriver                        0x0000000103079060 cxxbridge1$string$len + 335232
13  chromedriver                        0x00000001034acc38 cxxbridge1$str$ptr + 2512864
14  chromedriver                        0x00000001034aff58 cxxbridge1$str$ptr + 2525952
15  chromedriver                        0x0000000103492578 cxxbridge1$str$ptr + 2404640
16  chromedriver                        0x00000001034b0818 cxxbridge1$str$ptr + 2528192
17  chromedriver                        0x0000000103482f2c cxxbridge1$str$ptr + 2341588
18  chromedriver                        0x00000001034cca60 cxxbridge1$str$ptr + 2643464
19  chromedriver                        0x00000001034ccbe8 cxxbridge1$str$ptr + 2643856
20  chromedriver                        0x00000001034dc5a8 cxxbridge1$str$ptr + 2707792
21  libsystem_pthread.dylib             0x00000001934b02e4 _pthread_start + 136
22  libsystem_pthread.dylib             0x00000001934ab0fc thread_start + 8

Fetching stats from: https://www.mlb.com/stats/rbi?timeframe=-14&page=20
Error loading stats page 20 Message: timeout: Timed out receiving message from renderer: 17.756
  (Session info: chrome=133.0.6943.142)
Stacktrace:
0   chromedriver                        0x00000001034e42d4 cxxbridge1$str$ptr + 2739836
1   chromedriver                        0x00000001034dc934 cxxbridge1$str$ptr + 2708700
2   chromedriver                        0x000000010303df90 cxxbridge1$string$len + 93360
3   chromedriver                        0x000000010302830c cxxbridge1$string$len + 4140
4   chromedriver                        0x0000000103028084 cxxbridge1$string$len + 3492
5   chromedriver                        0x0000000103025d9c chromedriver + 187804
6   chromedriver                        0x00000001030269f4 chromedriver + 190964
7   chromedriver                        0x0000000103034848 cxxbridge1$string$len + 54632
8   chromedriver                        0x000000010304a0a8 cxxbridge1$string$len + 142792
9   chromedriver                        0x0000000103027028 chromedriver + 192552
10  chromedriver                        0x0000000103049e84 cxxbridge1$string$len + 142244
11  chromedriver                        0x00000001030c615c cxxbridge1$string$len + 650876
12  chromedriver                        0x0000000103079060 cxxbridge1$string$len + 335232
13  chromedriver                        0x00000001034acc38 cxxbridge1$str$ptr + 2512864
14  chromedriver                        0x00000001034aff58 cxxbridge1$str$ptr + 2525952
15  chromedriver                        0x0000000103492578 cxxbridge1$str$ptr + 2404640
16  chromedriver                        0x00000001034b0818 cxxbridge1$str$ptr + 2528192
17  chromedriver                        0x0000000103482f2c cxxbridge1$str$ptr + 2341588
18  chromedriver                        0x00000001034cca60 cxxbridge1$str$ptr + 2643464
19  chromedriver                        0x00000001034ccbe8 cxxbridge1$str$ptr + 2643856
20  chromedriver                        0x00000001034dc5a8 cxxbridge1$str$ptr + 2707792
21  libsystem_pthread.dylib             0x00000001934b02e4 _pthread_start + 136
22  libsystem_pthread.dylib             0x00000001934ab0fc thread_start + 8

Fetching stats from: https://www.mlb.com/stats/rbi?timeframe=-14&page=21
Error loading stats page 21 Message: timeout: Timed out receiving message from renderer: 17.593
  (Session info: chrome=133.0.6943.142)
Stacktrace:
0   chromedriver                        0x00000001034e42d4 cxxbridge1$str$ptr + 2739836
1   chromedriver                        0x00000001034dc934 cxxbridge1$str$ptr + 2708700
2   chromedriver                        0x000000010303df90 cxxbridge1$string$len + 93360
3   chromedriver                        0x000000010302830c cxxbridge1$string$len + 4140
4   chromedriver                        0x0000000103028084 cxxbridge1$string$len + 3492
5   chromedriver                        0x0000000103025d9c chromedriver + 187804
6   chromedriver                        0x00000001030269f4 chromedriver + 190964
7   chromedriver                        0x0000000103034848 cxxbridge1$string$len + 54632
8   chromedriver                        0x000000010304a0a8 cxxbridge1$string$len + 142792
9   chromedriver                        0x0000000103027028 chromedriver + 192552
10  chromedriver                        0x0000000103049e84 cxxbridge1$string$len + 142244
11  chromedriver                        0x00000001030c615c cxxbridge1$string$len + 650876
12  chromedriver                        0x0000000103079060 cxxbridge1$string$len + 335232
13  chromedriver                        0x00000001034acc38 cxxbridge1$str$ptr + 2512864
14  chromedriver                        0x00000001034aff58 cxxbridge1$str$ptr + 2525952
15  chromedriver                        0x0000000103492578 cxxbridge1$str$ptr + 2404640
16  chromedriver                        0x00000001034b0818 cxxbridge1$str$ptr + 2528192
17  chromedriver                        0x0000000103482f2c cxxbridge1$str$ptr + 2341588
18  chromedriver                        0x00000001034cca60 cxxbridge1$str$ptr + 2643464
19  chromedriver                        0x00000001034ccbe8 cxxbridge1$str$ptr + 2643856
20  chromedriver                        0x00000001034dc5a8 cxxbridge1$str$ptr + 2707792
21  libsystem_pthread.dylib             0x00000001934b02e4 _pthread_start + 136
22  libsystem_pthread.dylib             0x00000001934ab0fc thread_start + 8

Fetching stats from: https://www.mlb.com/stats/rbi?timeframe=-14&page=22
Error loading stats page 22 Message: timeout: Timed out receiving message from renderer: 17.091
  (Session info: chrome=133.0.6943.142)
Stacktrace:
0   chromedriver                        0x00000001034e42d4 cxxbridge1$str$ptr + 2739836
1   chromedriver                        0x00000001034dc934 cxxbridge1$str$ptr + 2708700
2   chromedriver                        0x000000010303df90 cxxbridge1$string$len + 93360
3   chromedriver                        0x000000010302830c cxxbridge1$string$len + 4140
4   chromedriver                        0x0000000103028084 cxxbridge1$string$len + 3492
5   chromedriver                        0x0000000103025d9c chromedriver + 187804
6   chromedriver                        0x00000001030269f4 chromedriver + 190964
7   chromedriver                        0x0000000103034848 cxxbridge1$string$len + 54632
8   chromedriver                        0x000000010304a0a8 cxxbridge1$string$len + 142792
9   chromedriver                        0x0000000103027028 chromedriver + 192552
10  chromedriver                        0x0000000103049e84 cxxbridge1$string$len + 142244
11  chromedriver                        0x00000001030c615c cxxbridge1$string$len + 650876
12  chromedriver                        0x0000000103079060 cxxbridge1$string$len + 335232
13  chromedriver                        0x00000001034acc38 cxxbridge1$str$ptr + 2512864
14  chromedriver                        0x00000001034aff58 cxxbridge1$str$ptr + 2525952
15  chromedriver                        0x0000000103492578 cxxbridge1$str$ptr + 2404640
16  chromedriver                        0x00000001034b0818 cxxbridge1$str$ptr + 2528192
17  chromedriver                        0x0000000103482f2c cxxbridge1$str$ptr + 2341588
18  chromedriver                        0x00000001034cca60 cxxbridge1$str$ptr + 2643464
19  chromedriver                        0x00000001034ccbe8 cxxbridge1$str$ptr + 2643856
20  chromedriver                        0x00000001034dc5a8 cxxbridge1$str$ptr + 2707792
21  libsystem_pthread.dylib             0x00000001934b02e4 _pthread_start + 136
22  libsystem_pthread.dylib             0x00000001934ab0fc thread_start + 8

Fetching stats from: https://www.mlb.com/stats/rbi?timeframe=-14&page=23
Fetching stats from: https://www.mlb.com/stats/rbi?timeframe=-14&page=24
Fetching stats from: https://www.mlb.com/stats/rbi?timeframe=-14&page=25
Fetching stats from: https://www.mlb.com/stats/rbi?timeframe=-14&page=26
Fetching stats from: https://www.mlb.com/stats/rbi?timeframe=-14&page=27
Fetching stats from: https://www.mlb.com/stats/rbi?timeframe=-14&page=28
Fetching stats from: https://www.mlb.com/stats/rbi?timeframe=-14&page=29
Fetching stats from: https://www.mlb.com/stats/rbi?timeframe=-14&page=30
Fetching stats from: https://www.mlb.com/stats/rbi?timeframe=-14&page=31
Fetching stats from: https://www.mlb.com/stats/rbi?timeframe=-14&page=32
Fetching stats from: https://www.mlb.com/stats/rbi?timeframe=-14&page=33
Fetching stats from: https://www.mlb.com/stats/rbi?timeframe=-14&page=34
Fetching stats from: https://www.mlb.com/stats/rbi?timeframe=-14&page=35
Fetching stats from: https://www.mlb.com/stats/rbi?timeframe=-14&page=36
Fetching stats from: https://www.mlb.com/stats/rbi?timeframe=-14&page=37
Fetching stats from: https://www.mlb.com/stats/rbi?timeframe=-14&page=38
Fetching stats from: https://www.mlb.com/stats/rbi?timeframe=-14&page=39
Fetching stats from: https://www.mlb.com/stats/rbi?timeframe=-14&page=40
Fetching stats from: https://www.mlb.com/stats/rbi?timeframe=-14&page=41
Fetching stats from: https://www.mlb.com/stats/rbi?timeframe=-14&page=42
Fetching stats from: https://www.mlb.com/stats/rbi?timeframe=-14&page=43
Fetching stats from: https://www.mlb.com/stats/rbi?timeframe=-14&page=44
Fetching stats from: https://www.mlb.com/stats/rbi?timeframe=-14&page=45
Fetching stats from: https://www.mlb.com/stats/rbi?timeframe=-14&page=46
Fetching stats from: https://www.mlb.com/stats/rbi?timeframe=-14&page=47
Total stats rows fetched: 625
💾 Saved mlb_stats.csv with raw stats data.
💾 Fetched MLB injury data with 165 rows.
💾 Saved mlb_injuries.csv.
MLB data scraping complete.
